<?xml version="1.0" encoding="UTF-8"?>
<!-- Generated by org.testng.reporters.JUnitReportReporter -->
<testsuite skipped="0" hostname="LAPTOP-GME99JJS" name="com.edu.test.TestExcel" tests="7" failures="0" timestamp="2019-12-05T18:29:23 CST" time="0.020" errors="0">
  <testcase name="testData" time="0.009" classname="com.edu.test.TestExcel"/>
  <testcase name="testData" time="0.002" classname="com.edu.test.TestExcel"/>
  <testcase name="testData" time="0.001" classname="com.edu.test.TestExcel"/>
  <testcase name="testData" time="0.001" classname="com.edu.test.TestExcel"/>
  <testcase name="testData" time="0.002" classname="com.edu.test.TestExcel"/>
  <testcase name="testData" time="0.003" classname="com.edu.test.TestExcel"/>
  <testcase name="testData" time="0.002" classname="com.edu.test.TestExcel"/>
</testsuite> <!-- com.edu.test.TestExcel -->
