<?xml version="1.0" encoding="UTF-8"?>
<!-- Generated by org.testng.reporters.JUnitReportReporter -->
<testsuite skipped="0" hostname="DESKTOP-CF5LRRQ" name="com.edu.test.Tests1" tests="3" failures="0" timestamp="23 十二月 2019 03:22:00 GMT" time="0.000" errors="0">
  <testcase name="test01" time="0.000" classname="com.edu.test.Tests1"/>
  <testcase name="test03" time="0.000" classname="com.edu.test.Tests1"/>
  <testcase name="test02" time="0.000" classname="com.edu.test.Tests1"/>
</testsuite> <!-- com.edu.test.Tests1 -->
