<?xml version="1.0" encoding="UTF-8"?>
<!-- Generated by org.testng.reporters.JUnitReportReporter -->
<testsuite skipped="0" hostname="DESKTOP-CF5LRRQ" name="com.edu.test.Tests" tests="3" failures="0" timestamp="23 十二月 2019 03:22:00 GMT" time="0.017" errors="0">
  <testcase name="test3" time="0.000" classname="com.edu.test.Tests"/>
  <testcase name="test2" time="0.001" classname="com.edu.test.Tests"/>
  <testcase name="test1" time="0.016" classname="com.edu.test.Tests"/>
</testsuite> <!-- com.edu.test.Tests -->
