<?xml version="1.0" encoding="UTF-8"?>
<!-- Generated by org.testng.reporters.JUnitReportReporter -->
<testsuite skipped="0" hostname="DESKTOP-I9JM6K5" name="com.edu.test.TestCases" tests="1" failures="0" timestamp="23 十二月 2019 06:08:22 GMT" time="0.011" errors="0">
  <testcase name="test1" time="0.011" classname="com.edu.test.TestCases"/>
</testsuite> <!-- com.edu.test.TestCases -->
