<?xml version="1.0" encoding="UTF-8"?>
<!-- Generated by org.testng.reporters.JUnitReportReporter -->
<testsuite skipped="0" hostname="DESKTOP-CF5LRRQ" name="com.edu.task.AddressListController" tests="1" failures="0" timestamp="23 十二月 2019 03:36:41 GMT" time="0.818" errors="0">
  <testcase name="AddressListController" time="0.818" classname="com.edu.task.AddressListController"/>
</testsuite> <!-- com.edu.task.AddressListController -->
