<?xml version="1.0" encoding="UTF-8"?>
<!-- Generated by org.testng.reporters.JUnitReportReporter -->
<testsuite skipped="0" hostname="DESKTOP-CF5LRRQ" name="com.edu.task.GetFeeController" tests="1" failures="0" timestamp="23 十二月 2019 03:38:09 GMT" time="0.775" errors="0">
  <testcase name="GetFeeController" time="0.775" classname="com.edu.task.GetFeeController"/>
</testsuite> <!-- com.edu.task.GetFeeController -->
