<?xml version="1.0" encoding="UTF-8"?>
<!-- Generated by org.testng.reporters.JUnitReportReporter -->
<testsuite skipped="0" hostname="DESKTOP-CF5LRRQ" name="com.edu.task.Skulist" tests="1" failures="0" timestamp="23 十二月 2019 03:40:40 GMT" time="0.790" errors="0">
  <testcase name="skuList" time="0.790" classname="com.edu.task.Skulist"/>
</testsuite> <!-- com.edu.task.Skulist -->
