<?xml version="1.0" encoding="UTF-8"?>
<!-- Generated by org.testng.reporters.JUnitReportReporter -->
<testsuite skipped="0" hostname="DESKTOP-CF5LRRQ" name="com.edu.task.New" tests="1" failures="0" timestamp="23 十二月 2019 03:40:09 GMT" time="0.894" errors="0">
  <testcase name="New" time="0.894" classname="com.edu.task.New"/>
</testsuite> <!-- com.edu.task.New -->
