<?xml version="1.0" encoding="UTF-8"?>
<!-- Generated by org.testng.reporters.JUnitReportReporter -->
<testsuite skipped="0" hostname="DESKTOP-CF5LRRQ" name="com.edu.task.Delete" tests="1" failures="0" timestamp="23 十二月 2019 03:37:43 GMT" time="1.152" errors="0">
  <testcase name="Delete" time="1.152" classname="com.edu.task.Delete"/>
</testsuite> <!-- com.edu.task.Delete -->
