<?xml version="1.0" encoding="UTF-8"?>
<!-- Generated by org.testng.reporters.JUnitReportReporter -->
<testsuite skipped="0" hostname="DESKTOP-CF5LRRQ" name="com.edu.task.Submit" tests="1" failures="0" timestamp="23 十二月 2019 03:41:06 GMT" time="1.277" errors="0">
  <testcase name="Submit" time="1.277" classname="com.edu.task.Submit"/>
</testsuite> <!-- com.edu.task.Submit -->
