<?xml version="1.0" encoding="UTF-8"?>
<!-- Generated by org.testng.reporters.JUnitReportReporter -->
<testsuite skipped="0" hostname="DESKTOP-CF5LRRQ" name="com.edu.task.LoginTest" tests="1" failures="0" timestamp="23 十二月 2019 03:34:40 GMT" time="3.100" errors="0">
  <testcase name="LoginTest" time="3.100" classname="com.edu.task.LoginTest"/>
</testsuite> <!-- com.edu.task.LoginTest -->
